[debug] [2023-01-12T12:51:52.290Z] ----------------------------------------------------------------------
[debug] [2023-01-12T12:51:52.292Z] Command:       C:\Program Files\nodejs\node.exe C:\Users\admin'\AppData\Roaming\npm\node_modules\firebase-tools\lib\bin\firebase.js init hosting
[debug] [2023-01-12T12:51:52.292Z] CLI Version:   11.20.0
[debug] [2023-01-12T12:51:52.292Z] Platform:      win32
[debug] [2023-01-12T12:51:52.292Z] Node Version:  v16.17.1
[debug] [2023-01-12T12:51:52.298Z] Time:          Thu Jan 12 2023 14:51:52 GMT+0200 (South Africa Standard Time)
[debug] [2023-01-12T12:51:52.298Z] ----------------------------------------------------------------------
[debug] 
[debug] [2023-01-12T12:51:52.307Z] > command requires scopes: ["email","openid","https://www.googleapis.com/auth/cloudplatformprojects.readonly","https://www.googleapis.com/auth/firebase","https://www.googleapis.com/auth/cloud-platform"]
[debug] [2023-01-12T12:51:52.308Z] > authorizing via signed-in user (nobomvukelebogile497@gmail.com)
[info] 
     ######## #### ########  ######## ########     ###     ######  ########
     ##        ##  ##     ## ##       ##     ##  ##   ##  ##       ##
     ######    ##  ########  ######   ########  #########  ######  ######
     ##        ##  ##    ##  ##       ##     ## ##     ##       ## ##
     ##       #### ##     ## ######## ########  ##     ##  ######  ########

You're about to initialize a Firebase project in this directory:

  C:\Users\admin'\Documents\vue-portfolio

[info] 
=== Project Setup
[info] 
[info] First, let's associate this project directory with a Firebase project.
[info] You can create multiple project aliases by running firebase use --add, 
[info] but for now we'll just set up a default project.
[info] 
[debug] [2023-01-12T12:52:08.296Z] > refreshing access token with scopes: []
[debug] [2023-01-12T12:52:08.298Z] >>> [apiv2][query] POST https://www.googleapis.com/oauth2/v3/token [none]
[debug] [2023-01-12T12:52:08.298Z] >>> [apiv2][body] POST https://www.googleapis.com/oauth2/v3/token [omitted]
[debug] [2023-01-12T12:52:08.991Z] <<< [apiv2][status] POST https://www.googleapis.com/oauth2/v3/token 200
[debug] [2023-01-12T12:52:08.991Z] <<< [apiv2][body] POST https://www.googleapis.com/oauth2/v3/token [omitted]
[debug] [2023-01-12T12:52:09.007Z] >>> [apiv2][query] GET https://firebase.googleapis.com/v1beta1/projects pageSize=100
[debug] [2023-01-12T12:52:09.858Z] <<< [apiv2][status] GET https://firebase.googleapis.com/v1beta1/projects 200
[debug] [2023-01-12T12:52:09.859Z] <<< [apiv2][body] GET https://firebase.googleapis.com/v1beta1/projects [omitted]
[info] i  Using project portfolio-b0f1d (Portfolio) 
[info] 
=== Hosting Setup
[info] 
[info] Your public directory is the folder (relative to your project directory) that
[info] will contain Hosting assets to be uploaded with firebase deploy. If you
[info] have a build process for your assets, use your build's output directory.
[info] 
[info] +  Wrote dist/404.html 
[debug] [2023-01-12T12:53:51.425Z] >>> [apiv2][query] GET https://www.gstatic.com/firebasejs/releases.json [none]
[debug] [2023-01-12T12:53:51.716Z] <<< [apiv2][status] GET https://www.gstatic.com/firebasejs/releases.json 200
[debug] [2023-01-12T12:53:51.717Z] <<< [apiv2][body] GET https://www.gstatic.com/firebasejs/releases.json {"current":{"version":"9.15.0","browserURL":"https://www.gstatic.com/firebasejs/9.15.0/firebase.js","packageURL":"https://www.gstatic.com/firebasejs/9.15.0/firebase.tgz"},"live":{"version":"9.15","browserURL":"https://www.gstatic.com/firebasejs/live/9.15/firebase.js","packageURL":"https://www.gstatic.com/firebasejs/live/9.15/firebase.tgz"},"components":{"analytics":"https://www.gstatic.com/firebasejs/9.15.0/firebase-analytics.js","app":"https://www.gstatic.com/firebasejs/9.15.0/firebase-app.js","app-check":"https://www.gstatic.com/firebasejs/9.15.0/firebase-app-check.js","auth":"https://www.gstatic.com/firebasejs/9.15.0/firebase-auth.js","auth/cordova":"https://www.gstatic.com/firebasejs/9.15.0/firebase-auth/cordova.js","auth/react-native":"https://www.gstatic.com/firebasejs/9.15.0/firebase-auth/react-native.js","functions":"https://www.gstatic.com/firebasejs/9.15.0/firebase-functions.js","firestore":"https://www.gstatic.com/firebasejs/9.15.0/firebase-firestore.js","firestore/lite":"https://www.gstatic.com/firebasejs/9.15.0/firebase-firestore/lite.js","installations":"https://www.gstatic.com/firebasejs/9.15.0/firebase-installations.js","storage":"https://www.gstatic.com/firebasejs/9.15.0/firebase-storage.js","performance":"https://www.gstatic.com/firebasejs/9.15.0/firebase-performance.js","remote-config":"https://www.gstatic.com/firebasejs/9.15.0/firebase-remote-config.js","messaging":"https://www.gstatic.com/firebasejs/9.15.0/firebase-messaging.js","messaging/sw":"https://www.gstatic.com/firebasejs/9.15.0/firebase-messaging/sw.js","database":"https://www.gstatic.com/firebasejs/9.15.0/firebase-database.js","firestore.memory":"https://www.gstatic.com/firebasejs/9.15.0/firebase-firestore.memory.js"}}
[info] +  Wrote dist/index.html 
[info] 
[info] i  Detected a .git folder at C:\Users\admin' 
[info] i  Authorizing with GitHub to upload your service account to a GitHub repository's secrets store. 
[info] 
[info] Visit this URL on this device to log in:
[info] https://github.com/login/oauth/authorize?client_id=89cf50f02ac6aaed3484&state=371905235&redirect_uri=http%3A%2F%2Flocalhost%3A9005&scope=read%3Auser%20repo%20public_repo
[info] 
[info] Waiting for authentication...
[debug] [2023-01-12T12:54:44.558Z] >>> [apiv2][query] POST https://github.com/login/oauth/access_token [none]
[debug] [2023-01-12T12:54:44.559Z] >>> [apiv2][body] POST https://github.com/login/oauth/access_token [stream]
[debug] [2023-01-12T12:54:45.476Z] <<< [apiv2][status] POST https://github.com/login/oauth/access_token 200
[debug] [2023-01-12T12:54:45.476Z] <<< [apiv2][body] POST https://github.com/login/oauth/access_token {"access_token":"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","token_type":"bearer","scope":"read:user,repo"}
[debug] [2023-01-12T12:54:45.485Z] >>> [apiv2][query] GET https://api.github.com/user [none]
[debug] [2023-01-12T12:54:46.392Z] <<< [apiv2][status] GET https://api.github.com/user 200
[debug] [2023-01-12T12:54:46.392Z] <<< [apiv2][body] GET https://api.github.com/user {"login":"Lebo04","id":97872367,"node_id":"U_kgDOBdVp7w","avatar_url":"https://avatars.githubusercontent.com/u/97872367?v=4","gravatar_id":"","url":"https://api.github.com/users/Lebo04","html_url":"https://github.com/Lebo04","followers_url":"https://api.github.com/users/Lebo04/followers","following_url":"https://api.github.com/users/Lebo04/following{/other_user}","gists_url":"https://api.github.com/users/Lebo04/gists{/gist_id}","starred_url":"https://api.github.com/users/Lebo04/starred{/owner}{/repo}","subscriptions_url":"https://api.github.com/users/Lebo04/subscriptions","organizations_url":"https://api.github.com/users/Lebo04/orgs","repos_url":"https://api.github.com/users/Lebo04/repos","events_url":"https://api.github.com/users/Lebo04/events{/privacy}","received_events_url":"https://api.github.com/users/Lebo04/received_events","type":"User","site_admin":false,"name":null,"company":null,"blog":"","location":null,"email":null,"hireable":null,"bio":null,"twitter_username":null,"public_repos":22,"public_gists":0,"followers":0,"following":0,"created_at":"2022-01-17T06:49:38Z","updated_at":"2023-01-11T11:10:09Z","private_gists":0,"total_private_repos":0,"owned_private_repos":0,"disk_usage":21255,"collaborators":0,"two_factor_authentication":false,"plan":{"name":"free","space":976562499,"collaborators":0,"private_repos":10000}}
[info] 
[info] +  Success! Logged into GitHub as Lebo04 
[info] 
